{"E:\\Trabajo\\David\\RUBRICA\\src\\ts\\handlers\\Dropdown.handler.ts": {"path":"E:\\Trabajo\\David\\RUBRICA\\src\\ts\\handlers\\Dropdown.handler.ts","statementMap":{"0":{"start":{"line":1,"column":23},"end":{"line":1,"column":85}},"1":{"start":{"line":3,"column":36},"end":{"line":8,"column":1}},"2":{"start":{"line":4,"column":28},"end":{"line":4,"column":63}},"3":{"start":{"line":5,"column":4},"end":{"line":5,"column":47}},"4":{"start":{"line":6,"column":27},"end":{"line":6,"column":65}},"5":{"start":{"line":7,"column":4},"end":{"line":7,"column":46}},"6":{"start":{"line":3,"column":13},"end":{"line":3,"column":36}},"7":{"start":{"line":10,"column":36},"end":{"line":16,"column":1}},"8":{"start":{"line":11,"column":28},"end":{"line":11,"column":63}},"9":{"start":{"line":12,"column":4},"end":{"line":12,"column":47}},"10":{"start":{"line":13,"column":4},"end":{"line":13,"column":74}},"11":{"start":{"line":14,"column":27},"end":{"line":14,"column":65}},"12":{"start":{"line":15,"column":4},"end":{"line":15,"column":46}},"13":{"start":{"line":10,"column":13},"end":{"line":10,"column":36}}},"fnMap":{"0":{"name":"(anonymous_0)","decl":{"start":{"line":3,"column":36},"end":{"line":3,"column":null}},"loc":{"start":{"line":3,"column":36},"end":{"line":8,"column":1}}},"1":{"name":"(anonymous_1)","decl":{"start":{"line":10,"column":36},"end":{"line":10,"column":41}},"loc":{"start":{"line":10,"column":41},"end":{"line":16,"column":1}}}},"branchMap":{},"s":{"0":1,"1":1,"2":0,"3":0,"4":0,"5":0,"6":1,"7":1,"8":0,"9":0,"10":0,"11":0,"12":0,"13":1},"f":{"0":0,"1":0},"b":{}}
,"E:\\Trabajo\\David\\RUBRICA\\src\\ts\\handlers\\SearchType.handler.ts": {"path":"E:\\Trabajo\\David\\RUBRICA\\src\\ts\\handlers\\SearchType.handler.ts","statementMap":{"0":{"start":{"line":1,"column":0},"end":{"line":1,"column":74}},"1":{"start":{"line":3,"column":13},"end":{"line":15,"column":2}},"2":{"start":{"line":17,"column":32},"end":{"line":22,"column":1}},"3":{"start":{"line":18,"column":26},"end":{"line":19,"column":null}},"4":{"start":{"line":19,"column":8},"end":{"line":19,"column":null}},"5":{"start":{"line":21,"column":4},"end":{"line":21,"column":25}},"6":{"start":{"line":17,"column":13},"end":{"line":17,"column":32}},"7":{"start":{"line":24,"column":33},"end":{"line":34,"column":1}},"8":{"start":{"line":24,"column":42},"end":{"line":24,"column":44}},"9":{"start":{"line":25,"column":26},"end":{"line":26,"column":null}},"10":{"start":{"line":26,"column":8},"end":{"line":26,"column":null}},"11":{"start":{"line":28,"column":26},"end":{"line":29,"column":11}},"12":{"start":{"line":29,"column":8},"end":{"line":29,"column":52}},"13":{"start":{"line":30,"column":24},"end":{"line":30,"column":63}},"14":{"start":{"line":31,"column":29},"end":{"line":31,"column":72}},"15":{"start":{"line":32,"column":4},"end":{"line":32,"column":45}},"16":{"start":{"line":33,"column":4},"end":{"line":33,"column":30}},"17":{"start":{"line":24,"column":13},"end":{"line":24,"column":33}}},"fnMap":{"0":{"name":"(anonymous_0)","decl":{"start":{"line":17,"column":32},"end":{"line":17,"column":33}},"loc":{"start":{"line":17,"column":46},"end":{"line":22,"column":1}}},"1":{"name":"(anonymous_1)","decl":{"start":{"line":18,"column":46},"end":{"line":18,"column":48}},"loc":{"start":{"line":18,"column":48},"end":{"line":19,"column":10}}},"2":{"name":"(anonymous_2)","decl":{"start":{"line":24,"column":33},"end":{"line":24,"column":34}},"loc":{"start":{"line":24,"column":44},"end":{"line":34,"column":1}}},"3":{"name":"(anonymous_3)","decl":{"start":{"line":25,"column":46},"end":{"line":25,"column":48}},"loc":{"start":{"line":25,"column":48},"end":{"line":26,"column":10}}},"4":{"name":"(anonymous_4)","decl":{"start":{"line":28,"column":26},"end":{"line":28,"column":27}},"loc":{"start":{"line":28,"column":50},"end":{"line":29,"column":11}}}},"branchMap":{},"s":{"0":1,"1":1,"2":1,"3":1,"4":11,"5":1,"6":1,"7":1,"8":0,"9":0,"10":0,"11":0,"12":0,"13":0,"14":0,"15":0,"16":0,"17":1},"f":{"0":1,"1":11,"2":0,"3":0,"4":0},"b":{}}
,"E:\\Trabajo\\David\\RUBRICA\\src\\ts\\listeners\\Dropdown.listeners.ts": {"path":"E:\\Trabajo\\David\\RUBRICA\\src\\ts\\listeners\\Dropdown.listeners.ts","statementMap":{"0":{"start":{"line":1,"column":0},"end":{"line":1,"column":90}},"1":{"start":{"line":2,"column":0},"end":{"line":2,"column":67}},"2":{"start":{"line":4,"column":25},"end":{"line":7,"column":1}},"3":{"start":{"line":5,"column":21},"end":{"line":5,"column":56}},"4":{"start":{"line":6,"column":4},"end":{"line":6,"column":61}},"5":{"start":{"line":9,"column":39},"end":{"line":14,"column":1}},"6":{"start":{"line":10,"column":24},"end":{"line":10,"column":64}},"7":{"start":{"line":11,"column":4},"end":{"line":13,"column":6}},"8":{"start":{"line":12,"column":8},"end":{"line":12,"column":null}},"9":{"start":{"line":9,"column":13},"end":{"line":9,"column":39}},"10":{"start":{"line":16,"column":28},"end":{"line":19,"column":1}},"11":{"start":{"line":17,"column":24},"end":{"line":17,"column":61}},"12":{"start":{"line":18,"column":4},"end":{"line":18,"column":61}},"13":{"start":{"line":21,"column":33},"end":{"line":25,"column":1}},"14":{"start":{"line":22,"column":4},"end":{"line":22,"column":23}},"15":{"start":{"line":23,"column":4},"end":{"line":23,"column":30}},"16":{"start":{"line":24,"column":4},"end":{"line":24,"column":26}},"17":{"start":{"line":21,"column":13},"end":{"line":21,"column":33}}},"fnMap":{"0":{"name":"(anonymous_0)","decl":{"start":{"line":4,"column":25},"end":{"line":4,"column":null}},"loc":{"start":{"line":4,"column":25},"end":{"line":7,"column":1}}},"1":{"name":"(anonymous_1)","decl":{"start":{"line":9,"column":39},"end":{"line":9,"column":null}},"loc":{"start":{"line":9,"column":39},"end":{"line":14,"column":1}}},"2":{"name":"(anonymous_2)","decl":{"start":{"line":11,"column":24},"end":{"line":11,"column":31}},"loc":{"start":{"line":11,"column":31},"end":{"line":12,"column":15}}},"3":{"name":"(anonymous_3)","decl":{"start":{"line":16,"column":28},"end":{"line":16,"column":null}},"loc":{"start":{"line":16,"column":28},"end":{"line":19,"column":1}}},"4":{"name":"(anonymous_4)","decl":{"start":{"line":21,"column":33},"end":{"line":21,"column":null}},"loc":{"start":{"line":21,"column":33},"end":{"line":25,"column":1}}}},"branchMap":{},"s":{"0":1,"1":1,"2":1,"3":0,"4":0,"5":1,"6":0,"7":0,"8":0,"9":1,"10":1,"11":0,"12":0,"13":1,"14":0,"15":0,"16":0,"17":1},"f":{"0":0,"1":0,"2":0,"3":0,"4":0},"b":{}}
}
