TN:
SF:src\ts\handlers\Dropdown.handler.ts
FN:3,(anonymous_0)
FN:10,(anonymous_1)
FNF:2
FNH:0
FNDA:0,(anonymous_0)
FNDA:0,(anonymous_1)
DA:1,1
DA:3,1
DA:4,0
DA:5,0
DA:6,0
DA:7,0
DA:10,1
DA:11,0
DA:12,0
DA:13,0
DA:14,0
DA:15,0
LF:12
LH:3
BRF:0
BRH:0
end_of_record
TN:
SF:src\ts\handlers\SearchType.handler.ts
FN:17,(anonymous_0)
FN:18,(anonymous_1)
FN:24,(anonymous_2)
FN:25,(anonymous_3)
FN:28,(anonymous_4)
FNF:5
FNH:2
FNDA:1,(anonymous_0)
FNDA:11,(anonymous_1)
FNDA:0,(anonymous_2)
FNDA:0,(anonymous_3)
FNDA:0,(anonymous_4)
DA:1,1
DA:3,1
DA:17,1
DA:18,1
DA:19,11
DA:21,1
DA:24,1
DA:25,0
DA:26,0
DA:28,0
DA:29,0
DA:30,0
DA:31,0
DA:32,0
DA:33,0
LF:15
LH:7
BRF:0
BRH:0
end_of_record
TN:
SF:src\ts\listeners\Dropdown.listeners.ts
FN:4,(anonymous_0)
FN:9,(anonymous_1)
FN:11,(anonymous_2)
FN:16,(anonymous_3)
FN:21,(anonymous_4)
FNF:5
FNH:0
FNDA:0,(anonymous_0)
FNDA:0,(anonymous_1)
FNDA:0,(anonymous_2)
FNDA:0,(anonymous_3)
FNDA:0,(anonymous_4)
DA:1,1
DA:2,1
DA:4,1
DA:5,0
DA:6,0
DA:9,1
DA:10,0
DA:11,0
DA:12,0
DA:16,1
DA:17,0
DA:18,0
DA:21,1
DA:22,0
DA:23,0
DA:24,0
LF:16
LH:6
BRF:0
BRH:0
end_of_record
